2025-06-20 20:50:42,357 - __main__ - INFO - Initializing Phase 2 components...
2025-06-20 20:50:42,357 - __main__ - INFO - Loading vector store...
2025-06-20 20:50:42,359 - sentence_transformers.SentenceTransformer - INFO - Use pytorch device_name: cpu
2025-06-20 20:50:42,359 - sentence_transformers.SentenceTransformer - INFO - Load pretrained SentenceTransformer: sentence-transformers/paraphrase-multilingual-MiniLM-L12-v2
2025-06-20 20:50:48,440 - __main__ - INFO - Initializing Bengali processor...
2025-06-20 20:50:48,441 - __main__ - INFO - Initializing query processor...
2025-06-20 21:56:25,845 - __main__ - INFO - Initializing Phase 2 components...
2025-06-20 21:56:25,845 - __main__ - INFO - Loading vector store...
2025-06-20 21:56:25,847 - sentence_transformers.SentenceTransformer - INFO - Use pytorch device_name: cpu
2025-06-20 21:56:25,847 - sentence_transformers.SentenceTransformer - INFO - Load pretrained SentenceTransformer: sentence-transformers/paraphrase-multilingual-MiniLM-L12-v2
2025-06-20 21:56:31,629 - __main__ - INFO - Initializing Bengali processor...
2025-06-20 21:56:31,629 - __main__ - INFO - Initializing query processor...
2025-06-20 21:58:13,464 - __main__ - INFO - Initializing Phase 2 components...
2025-06-20 21:58:13,465 - __main__ - INFO - Loading vector store...
2025-06-20 21:58:13,466 - sentence_transformers.SentenceTransformer - INFO - Use pytorch device_name: cpu
2025-06-20 21:58:13,466 - sentence_transformers.SentenceTransformer - INFO - Load pretrained SentenceTransformer: sentence-transformers/paraphrase-multilingual-MiniLM-L12-v2
2025-06-20 21:58:19,920 - __main__ - INFO - Initializing Bengali processor...
2025-06-20 21:58:19,921 - __main__ - INFO - Initializing query processor...
2025-06-20 21:59:53,614 - __main__ - INFO - Initializing Phase 2 components...
2025-06-20 21:59:53,614 - __main__ - INFO - Loading vector store...
2025-06-20 21:59:53,616 - sentence_transformers.SentenceTransformer - INFO - Use pytorch device_name: cpu
2025-06-20 21:59:53,616 - sentence_transformers.SentenceTransformer - INFO - Load pretrained SentenceTransformer: sentence-transformers/paraphrase-multilingual-MiniLM-L12-v2
2025-06-20 22:00:00,242 - __main__ - INFO - Initializing Bengali processor...
2025-06-20 22:00:00,242 - __main__ - INFO - Initializing query processor...
